<?xml version="1.0" encoding="UTF-8"?>
<testsuites name="TSHealtcare" time="224.285" tests="3" failures="0" errors="0">
   <testsuite name="TSHealtcare" tests="3" failures="0" errors="0" time="224.285" skipped="0" timestamp="2023-11-05 11:01:46" hostname="KRESHNA PUTRA ADI - LAPTOP-7MTKCE68" id="Test Suites/TSHealtcare">
      <properties>
[...]
</properties>
      <testcase name="Test Cases/Auth/LoginSuccess" time="72.395" classname="Test Cases/Auth/LoginSuccess" status="PASSED">
         <system-out><![CDATA[2023-11-05 11:01:46 - [TEST_CASE][PASSED] - Test Cases/Auth/LoginSuccess: Test Cases/Auth/LoginSuccess

2023-11-05 11:01:46 - [TEST_STEP][PASSED] - openBrowser(""): Browser is opened with url: ''

2023-11-05 11:01:46 - [MESSAGE][INFO] - User set preference: ['os', 'windows']

2023-11-05 11:01:46 - [MESSAGE][INFO] - User set preference: ['browserName', 'chrome']

2023-11-05 11:01:46 - [MESSAGE][INFO] - User set preference: ['browserVersion', '118']

2023-11-05 11:01:46 - [MESSAGE][INFO] - User set preference: ['katalon:option', '{organizationId=1277523, tunnelId=, usingTunnel=false}']

2023-11-05 11:01:46 - [MESSAGE][INFO] - Connecting to remote web server 'testcloud.katalon.com/hub' with type 'Selenium'

2023-11-05 11:01:47 - [MESSAGE][INFO] - Action delay is set to 0 milliseconds

2023-11-05 11:02:33 - [MESSAGE][PASSED] - Browser is opened with url: ''

2023-11-05 11:02:33 - [TEST_STEP][PASSED] - navigateToUrl("https://katalon-demo-cura.herokuapp.com/"): Navigate to 'https://katalon-demo-cura.herokuapp.com/' successfully

2023-11-05 11:02:34 - [MESSAGE][PASSED] - Navigate to 'https://katalon-demo-cura.herokuapp.com/' successfully

2023-11-05 11:02:34 - [TEST_STEP][PASSED] - click(findTestObject("Object Repository/Page_CURA Healthcare Service/a_CURA Healthcare_menu-toggle")): Object: 'Object Repository/Page_CURA Healthcare Service/a_CURA Healthcare_menu-toggle' is clicked on

2023-11-05 11:02:38 - [MESSAGE][PASSED] - Object: 'Object Repository/Page_CURA Healthcare Service/a_CURA Healthcare_menu-toggle' is clicked on

2023-11-05 11:02:38 - [TEST_STEP][PASSED] - click(findTestObject("Object Repository/Page_CURA Healthcare Service/a_Login")): Object: 'Object Repository/Page_CURA Healthcare Service/a_Login' is clicked on

2023-11-05 11:02:43 - [MESSAGE][PASSED] - Object: 'Object Repository/Page_CURA Healthcare Service/a_Login' is clicked on

2023-11-05 11:02:43 - [TEST_STEP][PASSED] - setText(findTestObject("Object Repository/Page_CURA Healthcare Service/input_Username_username"), "John Doe"): Text 'John Doe' is set on object 'Object Repository/Page_CURA Healthcare Service/input_Username_username'

2023-11-05 11:02:50 - [MESSAGE][PASSED] - Text 'John Doe' is set on object 'Object Repository/Page_CURA Healthcare Service/input_Username_username'

2023-11-05 11:02:50 - [TEST_STEP][PASSED] - setEncryptedText(findTestObject("Object Repository/Page_CURA Healthcare Service/input_Password_password"), "g3/DOGG74jC3Flrr3yH+3D/yKbOqqUNM"): Text ****** has been set on object 'Object Repository/Page_CURA Healthcare Service/input_Password_password'

2023-11-05 11:02:54 - [MESSAGE][PASSED] - Text ****** has been set on object 'Object Repository/Page_CURA Healthcare Service/input_Password_password'

2023-11-05 11:02:54 - [TEST_STEP][PASSED] - click(findTestObject("Object Repository/Page_CURA Healthcare Service/button_Login")): Object: 'Object Repository/Page_CURA Healthcare Service/button_Login' is clicked on

2023-11-05 11:02:58 - [MESSAGE][PASSED] - Object: 'Object Repository/Page_CURA Healthcare Service/button_Login' is clicked on]]></system-out>
         <system-err><![CDATA[]]></system-err>
      </testcase>
      <testcase name="Test Cases/Auth/LoginFailedUsername" time="78.108" classname="Test Cases/Auth/LoginFailedUsername" status="PASSED">
         <system-out><![CDATA[2023-11-05 11:02:58 - [TEST_CASE][PASSED] - Test Cases/Auth/LoginFailedUsername: Test Cases/Auth/LoginFailedUsername

2023-11-05 11:02:58 - [TEST_STEP][PASSED] - openBrowser(""): Browser is opened with url: ''

2023-11-05 11:02:58 - [MESSAGE][WARNING] - A browser is already opened. Closing browser and opening a new one

2023-11-05 11:03:00 - [MESSAGE][INFO] - User set preference: ['os', 'windows']

2023-11-05 11:03:00 - [MESSAGE][INFO] - User set preference: ['browserName', 'chrome']

2023-11-05 11:03:00 - [MESSAGE][INFO] - User set preference: ['browserVersion', '118']

2023-11-05 11:03:00 - [MESSAGE][INFO] - User set preference: ['katalon:option', '{organizationId=1277523, tunnelId=, usingTunnel=false}']

2023-11-05 11:03:00 - [MESSAGE][INFO] - Connecting to remote web server 'testcloud.katalon.com/hub' with type 'Selenium'

2023-11-05 11:03:00 - [MESSAGE][INFO] - Action delay is set to 0 milliseconds

2023-11-05 11:03:45 - [MESSAGE][PASSED] - Browser is opened with url: ''

2023-11-05 11:03:45 - [TEST_STEP][PASSED] - navigateToUrl("https://katalon-demo-cura.herokuapp.com/"): Navigate to 'https://katalon-demo-cura.herokuapp.com/' successfully

2023-11-05 11:03:47 - [MESSAGE][PASSED] - Navigate to 'https://katalon-demo-cura.herokuapp.com/' successfully

2023-11-05 11:03:47 - [TEST_STEP][PASSED] - click(findTestObject("Object Repository/Page_CURA Healthcare Service/i_CURA Healthcare_fa fa-bars")): Object: 'Object Repository/Page_CURA Healthcare Service/i_CURA Healthcare_fa fa-bars' is clicked on

2023-11-05 11:03:51 - [MESSAGE][PASSED] - Object: 'Object Repository/Page_CURA Healthcare Service/i_CURA Healthcare_fa fa-bars' is clicked on

2023-11-05 11:03:51 - [TEST_STEP][PASSED] - click(findTestObject("Page_CURA Healthcare Service/a_Login")): Object: 'Object Repository/Page_CURA Healthcare Service/a_Login' is clicked on

2023-11-05 11:03:55 - [MESSAGE][PASSED] - Object: 'Object Repository/Page_CURA Healthcare Service/a_Login' is clicked on

2023-11-05 11:03:55 - [TEST_STEP][PASSED] - setText(findTestObject("Page_CURA Healthcare Service/input_Username_username"), "Budi Anduk"): Text 'Budi Anduk' is set on object 'Object Repository/Page_CURA Healthcare Service/input_Username_username'

2023-11-05 11:04:03 - [MESSAGE][PASSED] - Text 'Budi Anduk' is set on object 'Object Repository/Page_CURA Healthcare Service/input_Username_username'

2023-11-05 11:04:03 - [TEST_STEP][PASSED] - setEncryptedText(findTestObject("Page_CURA Healthcare Service/input_Password_password"), "g3/DOGG74jC3Flrr3yH+3D/yKbOqqUNM"): Text ****** has been set on object 'Object Repository/Page_CURA Healthcare Service/input_Password_password'

2023-11-05 11:04:08 - [MESSAGE][PASSED] - Text ****** has been set on object 'Object Repository/Page_CURA Healthcare Service/input_Password_password'

2023-11-05 11:04:08 - [TEST_STEP][PASSED] - click(findTestObject("Page_CURA Healthcare Service/button_Login")): Object: 'Object Repository/Page_CURA Healthcare Service/button_Login' is clicked on

2023-11-05 11:04:16 - [MESSAGE][PASSED] - Object: 'Object Repository/Page_CURA Healthcare Service/button_Login' is clicked on]]></system-out>
         <system-err><![CDATA[]]></system-err>
      </testcase>
      <testcase name="Test Cases/Auth/LoginFailedPassword" time="73.559" classname="Test Cases/Auth/LoginFailedPassword" status="PASSED">
         <system-out><![CDATA[2023-11-05 11:04:16 - [TEST_CASE][PASSED] - Test Cases/Auth/LoginFailedPassword: Test Cases/Auth/LoginFailedPassword

2023-11-05 11:04:17 - [TEST_STEP][PASSED] - openBrowser(""): Browser is opened with url: ''

2023-11-05 11:04:17 - [MESSAGE][WARNING] - A browser is already opened. Closing browser and opening a new one

2023-11-05 11:04:18 - [MESSAGE][INFO] - User set preference: ['os', 'windows']

2023-11-05 11:04:18 - [MESSAGE][INFO] - User set preference: ['browserName', 'chrome']

2023-11-05 11:04:18 - [MESSAGE][INFO] - User set preference: ['browserVersion', '118']

2023-11-05 11:04:18 - [MESSAGE][INFO] - User set preference: ['katalon:option', '{organizationId=1277523, tunnelId=, usingTunnel=false}']

2023-11-05 11:04:18 - [MESSAGE][INFO] - Connecting to remote web server 'testcloud.katalon.com/hub' with type 'Selenium'

2023-11-05 11:04:18 - [MESSAGE][INFO] - Action delay is set to 0 milliseconds

2023-11-05 11:05:02 - [MESSAGE][PASSED] - Browser is opened with url: ''

2023-11-05 11:05:02 - [TEST_STEP][PASSED] - navigateToUrl("https://katalon-demo-cura.herokuapp.com/"): Navigate to 'https://katalon-demo-cura.herokuapp.com/' successfully

2023-11-05 11:05:05 - [MESSAGE][PASSED] - Navigate to 'https://katalon-demo-cura.herokuapp.com/' successfully

2023-11-05 11:05:05 - [TEST_STEP][PASSED] - click(findTestObject("Object Repository/Page_CURA Healthcare Service/Page_CURA Healthcare Service/i_CURA Healthcare_fa fa-bars")): Object: 'Object Repository/Page_CURA Healthcare Service/Page_CURA Healthcare Service/i_CURA Healthcare_fa fa-bars' is clicked on

2023-11-05 11:05:09 - [MESSAGE][PASSED] - Object: 'Object Repository/Page_CURA Healthcare Service/Page_CURA Healthcare Service/i_CURA Healthcare_fa fa-bars' is clicked on

2023-11-05 11:05:09 - [TEST_STEP][PASSED] - click(findTestObject("Object Repository/Page_CURA Healthcare Service/Page_CURA Healthcare Service/a_Login")): Object: 'Object Repository/Page_CURA Healthcare Service/Page_CURA Healthcare Service/a_Login' is clicked on

2023-11-05 11:05:13 - [MESSAGE][PASSED] - Object: 'Object Repository/Page_CURA Healthcare Service/Page_CURA Healthcare Service/a_Login' is clicked on

2023-11-05 11:05:13 - [TEST_STEP][PASSED] - setText(findTestObject("Object Repository/Page_CURA Healthcare Service/Page_CURA Healthcare Service/input_Username_username"), "John Doe"): Text 'John Doe' is set on object 'Object Repository/Page_CURA Healthcare Service/Page_CURA Healthcare Service/input_Username_username'

2023-11-05 11:05:20 - [MESSAGE][PASSED] - Text 'John Doe' is set on object 'Object Repository/Page_CURA Healthcare Service/Page_CURA Healthcare Service/input_Username_username'

2023-11-05 11:05:20 - [TEST_STEP][PASSED] - setEncryptedText(findTestObject("Object Repository/Page_CURA Healthcare Service/Page_CURA Healthcare Service/input_Password_password"), "HmrGm9h9Lhv0hmTD06Fuuw=="): Text ****** has been set on object 'Object Repository/Page_CURA Healthcare Service/Page_CURA Healthcare Service/input_Password_password'

2023-11-05 11:05:25 - [MESSAGE][PASSED] - Text ****** has been set on object 'Object Repository/Page_CURA Healthcare Service/Page_CURA Healthcare Service/input_Password_password'

2023-11-05 11:05:25 - [TEST_STEP][PASSED] - click(findTestObject("Object Repository/Page_CURA Healthcare Service/Page_CURA Healthcare Service/button_Login")): Object: 'Object Repository/Page_CURA Healthcare Service/Page_CURA Healthcare Service/button_Login' is clicked on

2023-11-05 11:05:30 - [MESSAGE][PASSED] - Object: 'Object Repository/Page_CURA Healthcare Service/Page_CURA Healthcare Service/button_Login' is clicked on]]></system-out>
         <system-err><![CDATA[]]></system-err>
      </testcase>
      <system-out><![CDATA[2023-11-05 11:01:46 - [TEST_SUITE][PASSED] - TSHealtcare: Test Cases/Auth/LoginFailedPassword]]></system-out>
      <system-err><![CDATA[]]></system-err>
   </testsuite>
</testsuites>
